<?xml version="1.0" encoding="UTF-8"?>
<testng-results skipped="0" failed="0" ignored="0" total="1" passed="1">
  <reporter-output>
  </reporter-output>
  <suite name="Default suite" duration-ms="828" started-at="2022-11-11T16:24:46 IST" finished-at="2022-11-11T16:24:47 IST">
    <groups>
    </groups>
    <test name="Default test" duration-ms="828" started-at="2022-11-11T16:24:46 IST" finished-at="2022-11-11T16:24:47 IST">
      <class name="dataDrivenTesting.DemoClass">
        <test-method status="PASS" signature="f()[pri:0, instance:dataDrivenTesting.DemoClass@69a3d1d]" name="f" duration-ms="790" started-at="2022-11-11T16:24:46 IST" finished-at="2022-11-11T16:24:47 IST">
          <reporter-output>
          </reporter-output>
        </test-method> <!-- f -->
      </class> <!-- dataDrivenTesting.DemoClass -->
    </test> <!-- Default test -->
  </suite> <!-- Default suite -->
</testng-results>
